2020-03-13 10:43:32,956 INFO CMS.Controllers.LoginController - logon
2020-03-13 10:47:21,355 INFO CMS.Controllers.LoginController - logon
2020-03-13 10:52:37,449 ERROR CMS.Controllers.CustomerController - Error
System.Net.WebException: The remote server returned an error: (404) Not Found.
   at System.Net.HttpWebRequest.GetResponse()
   at CMS.Controllers.CustomerController.ImageView(Int32 id) in D:\Projects\FileUploadServer\CMS\Controllers\CustomerController.cs:line 172
2020-03-13 10:53:59,482 ERROR CMS.Controllers.CustomerController - Error
System.Net.WebException: The remote server returned an error: (404) Not Found.
   at System.Net.HttpWebRequest.GetResponse()
   at CMS.Controllers.CustomerController.ImageView(Int32 id) in D:\Projects\FileUploadServer\CMS\Controllers\CustomerController.cs:line 172
2020-03-13 10:54:53,941 ERROR CMS.Controllers.CustomerController - Error
System.Net.WebException: The remote server returned an error: (404) Not Found.
   at System.Net.HttpWebRequest.GetResponse()
   at CMS.Controllers.CustomerController.ImageView(Int32 id) in D:\Projects\FileUploadServer\CMS\Controllers\CustomerController.cs:line 172
2020-03-13 11:08:18,860 INFO CMS.Controllers.LoginController - logon
2020-03-13 11:24:52,609 ERROR CMS.Controllers.CustomerController - Error
System.Net.WebException: The remote server returned an error: (404) Not Found.
   at System.Net.HttpWebRequest.GetResponse()
   at CMS.Controllers.CustomerController.ImageView(Int32 id) in D:\Projects\FileUploadServer\CMS\Controllers\CustomerController.cs:line 172
2020-03-13 15:03:43,617 INFO CMS.Controllers.LoginController - logon
