2020-02-28 08:26:56,778 ERROR CMS.Controllers.CustomerController - Error
System.Net.WebException: The remote server returned an error: (404) Not Found.
   at System.Net.HttpWebRequest.GetResponse()
   at CMS.Controllers.CustomerController.ImageView(Int32 id) in D:\Projects\FileUploadServer\CMS\Controllers\CustomerController.cs:line 148
2020-02-28 08:27:30,706 ERROR CMS.Controllers.CustomerController - Error
System.Net.WebException: The remote server returned an error: (404) Not Found.
   at System.Net.HttpWebRequest.GetResponse()
   at CMS.Controllers.CustomerController.ImageView(Int32 id) in D:\Projects\FileUploadServer\CMS\Controllers\CustomerController.cs:line 148
2020-02-28 08:27:37,905 ERROR CMS.Controllers.CustomerController - Error
System.Net.WebException: The remote server returned an error: (404) Not Found.
   at System.Net.HttpWebRequest.GetResponse()
   at CMS.Controllers.CustomerController.ImageView(Int32 id) in D:\Projects\FileUploadServer\CMS\Controllers\CustomerController.cs:line 148
2020-02-28 08:27:57,566 ERROR CMS.Controllers.CustomerController - Error
System.Net.WebException: The remote server returned an error: (404) Not Found.
   at System.Net.HttpWebRequest.GetResponse()
   at CMS.Controllers.CustomerController.ImageView(Int32 id) in D:\Projects\FileUploadServer\CMS\Controllers\CustomerController.cs:line 148
2020-02-28 08:29:36,583 ERROR CMS.Controllers.CustomerController - Error
System.Net.WebException: The remote server returned an error: (404) Not Found.
   at System.Net.HttpWebRequest.GetResponse()
   at CMS.Controllers.CustomerController.ImageView(Int32 id) in D:\Projects\FileUploadServer\CMS\Controllers\CustomerController.cs:line 148
2020-02-28 08:29:57,337 ERROR CMS.Controllers.CustomerController - Error
System.Net.WebException: The remote server returned an error: (404) Not Found.
   at System.Net.HttpWebRequest.GetResponse()
   at CMS.Controllers.CustomerController.ImageView(Int32 id) in D:\Projects\FileUploadServer\CMS\Controllers\CustomerController.cs:line 148
2020-02-28 08:33:33,011 ERROR CMS.Controllers.CustomerController - Error
System.Net.WebException: The remote server returned an error: (404) Not Found.
   at System.Net.HttpWebRequest.GetResponse()
   at CMS.Controllers.CustomerController.ImageView(Int32 id) in D:\Projects\FileUploadServer\CMS\Controllers\CustomerController.cs:line 148
2020-02-28 08:33:46,530 ERROR CMS.Controllers.CustomerController - Error
System.Net.WebException: The remote server returned an error: (404) Not Found.
   at System.Net.HttpWebRequest.GetResponse()
   at CMS.Controllers.CustomerController.ImageView(Int32 id) in D:\Projects\FileUploadServer\CMS\Controllers\CustomerController.cs:line 148
2020-02-28 08:34:01,107 ERROR CMS.Controllers.CustomerController - Error
System.Net.WebException: The remote server returned an error: (404) Not Found.
   at System.Net.HttpWebRequest.GetResponse()
   at CMS.Controllers.CustomerController.ImageView(Int32 id) in D:\Projects\FileUploadServer\CMS\Controllers\CustomerController.cs:line 148
2020-02-28 08:34:49,741 ERROR CMS.Controllers.CustomerController - Error
System.Net.WebException: The remote server returned an error: (404) Not Found.
   at System.Net.HttpWebRequest.GetResponse()
   at CMS.Controllers.CustomerController.ImageView(Int32 id) in D:\Projects\FileUploadServer\CMS\Controllers\CustomerController.cs:line 148
2020-02-28 08:35:54,507 ERROR CMS.Controllers.CustomerController - Error
System.Net.WebException: The remote server returned an error: (404) Not Found.
   at System.Net.HttpWebRequest.GetResponse()
   at CMS.Controllers.CustomerController.ImageView(Int32 id)
2020-02-28 08:41:36,572 ERROR CMS.Controllers.CustomerController - Error
System.Net.WebException: The remote server returned an error: (404) Not Found.
   at System.Net.HttpWebRequest.GetResponse()
   at CMS.Controllers.CustomerController.ImageView(Int32 id) in D:\Projects\FileUploadServer\CMS\Controllers\CustomerController.cs:line 148
2020-02-28 08:41:36,572 ERROR CMS.Controllers.CustomerController - Error
System.Net.WebException: The remote server returned an error: (404) Not Found.
   at System.Net.HttpWebRequest.GetResponse()
   at CMS.Controllers.CustomerController.ImageView(Int32 id) in D:\Projects\FileUploadServer\CMS\Controllers\CustomerController.cs:line 148
2020-02-28 08:53:30,868 ERROR CMS.Controllers.CustomerController - Error
System.Net.WebException: The remote server returned an error: (404) Not Found.
   at System.Net.HttpWebRequest.GetResponse()
   at CMS.Controllers.CustomerController.ImageView(Int32 id) in D:\Projects\FileUploadServer\CMS\Controllers\CustomerController.cs:line 148
2020-02-28 08:54:07,444 ERROR CMS.Controllers.CustomerController - Error
System.Net.WebException: The remote server returned an error: (404) Not Found.
   at System.Net.HttpWebRequest.GetResponse()
   at CMS.Controllers.CustomerController.ImageView(Int32 id) in D:\Projects\FileUploadServer\CMS\Controllers\CustomerController.cs:line 148
2020-02-28 08:54:29,462 ERROR CMS.Controllers.CustomerController - Error
System.Net.WebException: The remote server returned an error: (404) Not Found.
   at System.Net.HttpWebRequest.GetResponse()
   at CMS.Controllers.CustomerController.ImageView(Int32 id) in D:\Projects\FileUploadServer\CMS\Controllers\CustomerController.cs:line 148
2020-02-28 08:55:00,344 ERROR CMS.Controllers.CustomerController - Error
System.Net.WebException: The remote server returned an error: (404) Not Found.
   at System.Net.HttpWebRequest.GetResponse()
   at CMS.Controllers.CustomerController.ImageView(Int32 id) in D:\Projects\FileUploadServer\CMS\Controllers\CustomerController.cs:line 148
2020-02-28 09:36:49,351 ERROR CMS.Controllers.CustomerController - Error
System.Net.WebException: The remote server returned an error: (404) Not Found.
   at System.Net.HttpWebRequest.GetResponse()
   at CMS.Controllers.CustomerController.ImageView(Int32 id)
